d:\code\c_plus_plus_learn\pacman\pacman\x64\debug\pacman.pch
d:\code\c_plus_plus_learn\pacman\pacman\x64\debug\vc141.pdb
d:\code\c_plus_plus_learn\pacman\pacman\x64\debug\vc141.idb
d:\code\c_plus_plus_learn\pacman\pacman\x64\debug\stdafx.obj
d:\code\c_plus_plus_learn\pacman\pacman\x64\debug\enermy.obj
d:\code\c_plus_plus_learn\pacman\pacman\x64\debug\gmap.obj
d:\code\c_plus_plus_learn\pacman\pacman\x64\debug\pacman.obj
d:\code\c_plus_plus_learn\pacman\pacman\x64\debug\player.obj
d:\code\c_plus_plus_learn\pacman\pacman\x64\debug\stage_1.obj
d:\code\c_plus_plus_learn\pacman\pacman\x64\debug\stage_2.obj
d:\code\c_plus_plus_learn\pacman\pacman\x64\debug\stage_3.obj
d:\code\c_plus_plus_learn\pacman\pacman\x64\debug\pacman.res
d:\code\c_plus_plus_learn\pacman\x64\debug\pacman.pdb
d:\code\c_plus_plus_learn\pacman\pacman\x64\debug\pacman.tlog\cl.command.1.tlog
d:\code\c_plus_plus_learn\pacman\pacman\x64\debug\pacman.tlog\cl.read.1.tlog
d:\code\c_plus_plus_learn\pacman\pacman\x64\debug\pacman.tlog\cl.write.1.tlog
d:\code\c_plus_plus_learn\pacman\pacman\x64\debug\pacman.tlog\link-cvtres.read.1.tlog
d:\code\c_plus_plus_learn\pacman\pacman\x64\debug\pacman.tlog\link-cvtres.write.1.tlog
d:\code\c_plus_plus_learn\pacman\pacman\x64\debug\pacman.tlog\link-rc.read.1.tlog
d:\code\c_plus_plus_learn\pacman\pacman\x64\debug\pacman.tlog\link-rc.write.1.tlog
d:\code\c_plus_plus_learn\pacman\pacman\x64\debug\pacman.tlog\link.command.1.tlog
d:\code\c_plus_plus_learn\pacman\pacman\x64\debug\pacman.tlog\link.read.1.tlog
d:\code\c_plus_plus_learn\pacman\pacman\x64\debug\pacman.tlog\link.write.1.tlog
d:\code\c_plus_plus_learn\pacman\pacman\x64\debug\pacman.tlog\rc.command.1.tlog
d:\code\c_plus_plus_learn\pacman\pacman\x64\debug\pacman.tlog\rc.read.1.tlog
d:\code\c_plus_plus_learn\pacman\pacman\x64\debug\pacman.tlog\rc.write.1.tlog
